  Address.c
c:\users\afeka\desktop\homeproject_2\homeproject_2\address.c(35): warning C4047: 'function': 'const char *' differs in levels of indirection from 'char *const *'
c:\users\afeka\desktop\homeproject_2\homeproject_2\address.c(35): warning C4024: 'strcmp': different types for formal and actual parameter 1
c:\users\afeka\desktop\homeproject_2\homeproject_2\address.c(35): warning C4024: 'strcmp': different types for formal and actual parameter 2
c:\users\afeka\desktop\homeproject_2\homeproject_2\address.c(36): warning C4047: 'function': 'const char *' differs in levels of indirection from 'char *const *'
c:\users\afeka\desktop\homeproject_2\homeproject_2\address.c(36): warning C4024: 'strcmp': different types for formal and actual parameter 1
c:\users\afeka\desktop\homeproject_2\homeproject_2\address.c(36): warning C4024: 'strcmp': different types for formal and actual parameter 2
c:\users\afeka\desktop\homeproject_2\homeproject_2\address.c(37): warning C4047: 'function': 'const char *' differs in levels of indirection from 'char *const *'
c:\users\afeka\desktop\homeproject_2\homeproject_2\address.c(37): warning C4024: 'strcmp': different types for formal and actual parameter 1
c:\users\afeka\desktop\homeproject_2\homeproject_2\address.c(37): warning C4024: 'strcmp': different types for formal and actual parameter 2
  AirLine.c
  Airplane.c
  AirPort.c
c:\users\afeka\desktop\homeproject_2\homeproject_2\airport.h(2): warning C4067: unexpected tokens following preprocessor directive - expected a newline
c:\users\afeka\desktop\homeproject_2\homeproject_2\airport.c(11): warning C4013: 'createDynStr' undefined; assuming extern returning int
c:\users\afeka\desktop\homeproject_2\homeproject_2\airport.c(11): warning C4047: '=': 'char *' differs in levels of indirection from 'int'
c:\users\afeka\desktop\homeproject_2\homeproject_2\airport.c(37): warning C4047: 'function': 'const char *' differs in levels of indirection from 'char *const *'
c:\users\afeka\desktop\homeproject_2\homeproject_2\airport.c(37): warning C4024: 'strcmp': different types for formal and actual parameter 1
c:\users\afeka\desktop\homeproject_2\homeproject_2\airport.c(37): warning C4024: 'strcmp': different types for formal and actual parameter 2
c:\users\afeka\desktop\homeproject_2\homeproject_2\airport.c(49): warning C4047: 'function': 'const char *' differs in levels of indirection from 'char **'
c:\users\afeka\desktop\homeproject_2\homeproject_2\airport.c(49): warning C4024: 'strcmp': different types for formal and actual parameter 1
  Date.c
  Flight.c
  main.c
c:\users\afeka\desktop\homeproject_2\homeproject_2\airport.h(2): warning C4067: unexpected tokens following preprocessor directive - expected a newline
  AirportManager.c
c:\users\afeka\desktop\homeproject_2\homeproject_2\airport.h(2): warning C4067: unexpected tokens following preprocessor directive - expected a newline
c:\users\afeka\desktop\homeproject_2\homeproject_2\airport.h(2): warning C4067: unexpected tokens following preprocessor directive - expected a newline
  Utill.c
c:\users\afeka\desktop\homeproject_2\homeproject_2\utill.c(14): warning C4013: 'strlen' undefined; assuming extern returning int
c:\users\afeka\desktop\homeproject_2\homeproject_2\utill.c(17): warning C4013: 'strcpy' undefined; assuming extern returning int
c:\users\afeka\desktop\homeproject_2\homeproject_2\utill.c(26): warning C4013: 'isupper' undefined; assuming extern returning int
  Generating Code...
c:\users\afeka\desktop\homeproject_2\homeproject_2\airportmanager.c(93): warning C4715: 'findAirportByName': not all control paths return a value
c:\users\afeka\desktop\homeproject_2\homeproject_2\date.c(8): warning C4716: 'initDate': must return a value
  HomeProject_2.vcxproj -> C:\Users\afeka\Desktop\HomeProject_2\x64\Debug\HomeProject_2.exe
